[2026-06-09 23:23:11] Spotify ad watcher started (poll every 1s).
[2026-06-09 23:28:56] Spotify ad watcher started (poll every 1s).
[2026-06-09 23:37:28] Ad detected (title: 'Spotify') - restarting Spotify...
[2026-06-09 23:37:37] Playback resumed: Lil Tecca - Monday to Sunday
[2026-06-09 23:37:52] Ad detected (title: 'Spotify') - restarting Spotify...
[2026-06-09 23:38:06] Spotify restarted, but couldn't confirm playback resumed - press play if needed.
[2026-06-09 23:38:18] Spotify ad watcher started (poll every 1s).
[2026-06-09 23:49:33] Ad detected (title: 'The Crown Is Yours') - restarting Spotify...
[2026-06-09 23:49:33] Ad detected (title: 'The Crown Is Yours') - restarting Spotify...
[2026-06-09 23:49:41] Playback resumed: Lil Tecca - 500lbs
[2026-06-09 23:49:44] Playback resumed: Lil Tecca - 500lbs
[2026-06-11 20:29:50] Manual test restart requested...
[2026-06-11 20:29:56] Playback resumed in 6.1s: Drake - Make Them Cry
[2026-06-11 20:31:50] Spotify ad watcher started (poll every 250ms).
[2026-06-16 03:17:09] Spotify ad watcher started (poll every 250ms).
[2026-06-16 03:44:09] Ad detected (title: 'FanDuel') - restarting Spotify...
[2026-06-16 03:44:15] Playback resumed in 6.0s: OsamaSon - Cartel
[2026-06-18 03:00:24] Spotify ad watcher started (poll every 250ms).
[2026-06-18 03:00:30] Ad detected (title: 'Spotify') - restarting Spotify...
[2026-06-18 03:00:34] Playback resumed in 4.0s: Drake - Headlines
[2026-06-18 03:07:35] Ad detected (title: 'Spectrum') - restarting Spotify...
[2026-06-18 03:07:41] Playback resumed in 5.8s: Lil Skies - Nowadays (feat. Landon Cube)
[2026-06-18 03:14:36] Ad detected (title: 'MSC Cruise') - restarting Spotify...
[2026-06-18 03:14:42] Playback resumed in 5.7s: Lil Tecca - X Factor
[2026-06-18 03:22:59] Ad detected (title: 'MSC Cruise') - restarting Spotify...
[2026-06-18 03:23:05] Playback resumed in 5.9s: Drake - Push Ups
[2026-06-18 03:35:20] Ad detected (title: 'MSC Cruise') - restarting Spotify...
[2026-06-18 03:35:23] Playback resumed in 2.7s: Drake - Make Them Pay
[2026-06-18 03:42:59] Ad detected (title: 'Visit us in store') - restarting Spotify...
[2026-06-18 03:43:04] Playback resumed in 5.6s: Lil Tecca - Dead or Alive
[2026-06-18 03:51:02] Ad detected (title: 'MSC Cruise') - restarting Spotify...
[2026-06-18 03:51:08] Playback resumed in 6.0s: Lil Tecca - Wake Up
[2026-06-18 03:58:23] Ad detected (title: 'Visit us in store') - restarting Spotify...
[2026-06-18 03:58:29] Playback resumed in 5.8s: Lil Tecca - TIME & A PLACE
[2026-06-18 04:06:01] Ad detected (title: 'MSC Cruise') - restarting Spotify...
[2026-06-18 04:06:07] Playback resumed in 6.0s: Drake - Firm Friends
[2026-06-18 04:07:16] Spotify ad watcher started (poll every 250ms).
[2026-06-18 04:12:19] Manual test restart requested...
[2026-06-18 04:12:21] Ad detected (title: 'Spotify') - restarting Spotify...
[2026-06-18 04:12:24] Playback resumed in 3.2s: Lil Tjay - One Take
[2026-06-18 04:12:26] Playback resumed (next track) in 6.9s: Lil Tecca - 500lbs
[2026-06-18 04:12:51] Manual test restart requested...
[2026-06-18 04:12:53] Ad detected (title: 'Spotify') - restarting Spotify...
[2026-06-18 04:12:56] Playback resumed in 2.9s: Lil Tecca - 500lbs
[2026-06-18 04:12:58] Playback resumed (next track) in 6.6s: Quadeca - Imagination
[2026-06-18 04:14:50] Manual test restart requested...
[2026-06-18 04:14:51] Ad detected (title: 'Spotify') - restarting Spotify...
[2026-06-18 04:14:56] Playback resumed (next track) in 6.2s: Gunna - on one tonight
[2026-06-18 04:14:56] Playback resumed in 4.6s: Gunna - on one tonight
[2026-06-20 02:20:06] Spotify ad watcher started (poll every 250ms).
[2026-06-20 02:20:24] Ad detected (title: 'Spotify') - restarting Spotify...
[2026-06-20 02:20:30] Playback resumed (next track) in 5.8s: Gunna - on one tonight
[2026-06-20 02:22:43] Ad detected (title: 'Hay DoorDash En La Casa') - restarting Spotify...
[2026-06-20 02:22:49] Playback resumed (next track) in 6.1s: Lil Tecca - Sure Of It
[2026-06-20 02:32:16] Ad detected (title: 'MSC Cruise') - restarting Spotify...
[2026-06-20 02:32:23] Playback resumed (next track) in 6.2s: Drake - IDGAF (feat. Yeat)
[2026-06-20 02:38:26] Ad detected (title: 'AFRAM Baltimore') - restarting Spotify...
[2026-06-20 02:38:42] Playback resumed (next track) in 16.8s: Lil Tecca - NUMBER 2
[2026-06-20 02:47:46] Ad detected (title: 'AFRAM Baltimore') - restarting Spotify...
[2026-06-20 02:47:52] Playback resumed (next track) in 6.3s: 21 Savage - a lot
